{"C:\\GitHub\\nodejs-homework-rest-api\\app.js": {"path":"C:\\GitHub\\nodejs-homework-rest-api\\app.js","statementMap":{"0":{"start":{"line":1,"column":16},"end":{"line":1,"column":34}},"1":{"start":{"line":2,"column":15},"end":{"line":2,"column":32}},"2":{"start":{"line":3,"column":13},"end":{"line":3,"column":28}},"3":{"start":{"line":4,"column":15},"end":{"line":4,"column":32}},"4":{"start":{"line":5,"column":19},"end":{"line":5,"column":51}},"5":{"start":{"line":6,"column":18},"end":{"line":6,"column":47}},"6":{"start":{"line":7,"column":22},"end":{"line":7,"column":46}},"7":{"start":{"line":9,"column":23},"end":{"line":9,"column":51}},"8":{"start":{"line":10,"column":20},"end":{"line":10,"column":45}},"9":{"start":{"line":12,"column":12},"end":{"line":12,"column":21}},"10":{"start":{"line":14,"column":22},"end":{"line":14,"column":72}},"11":{"start":{"line":16,"column":0},"end":{"line":16,"column":17}},"12":{"start":{"line":17,"column":0},"end":{"line":17,"column":59}},"13":{"start":{"line":18,"column":0},"end":{"line":18,"column":33}},"14":{"start":{"line":21,"column":16},"end":{"line":31,"column":2}},"15":{"start":{"line":25,"column":4},"end":{"line":29,"column":6}},"16":{"start":{"line":34,"column":0},"end":{"line":34,"column":17}},"17":{"start":{"line":36,"column":0},"end":{"line":42,"column":1}},"18":{"start":{"line":44,"column":0},"end":{"line":44,"column":41}},"19":{"start":{"line":45,"column":0},"end":{"line":45,"column":21}},"20":{"start":{"line":47,"column":0},"end":{"line":47,"column":34}},"21":{"start":{"line":48,"column":0},"end":{"line":48,"column":40}},"22":{"start":{"line":50,"column":0},"end":{"line":52,"column":2}},"23":{"start":{"line":51,"column":2},"end":{"line":51,"column":63}},"24":{"start":{"line":54,"column":0},"end":{"line":61,"column":2}},"25":{"start":{"line":55,"column":17},"end":{"line":55,"column":34}},"26":{"start":{"line":56,"column":2},"end":{"line":60,"column":4}},"27":{"start":{"line":63,"column":0},"end":{"line":63,"column":20}}},"fnMap":{"0":{"name":"(anonymous_0)","decl":{"start":{"line":24,"column":11},"end":{"line":24,"column":12}},"loc":{"start":{"line":24,"column":31},"end":{"line":30,"column":3}},"line":24},"1":{"name":"(anonymous_1)","decl":{"start":{"line":50,"column":8},"end":{"line":50,"column":9}},"loc":{"start":{"line":50,"column":22},"end":{"line":52,"column":1}},"line":50},"2":{"name":"(anonymous_2)","decl":{"start":{"line":54,"column":8},"end":{"line":54,"column":9}},"loc":{"start":{"line":54,"column":33},"end":{"line":61,"column":1}},"line":54}},"branchMap":{"0":{"loc":{"start":{"line":14,"column":22},"end":{"line":14,"column":72}},"type":"cond-expr","locations":[{"start":{"line":14,"column":57},"end":{"line":14,"column":62}},{"start":{"line":14,"column":65},"end":{"line":14,"column":72}}],"line":14},"1":{"loc":{"start":{"line":17,"column":0},"end":{"line":17,"column":59}},"type":"binary-expr","locations":[{"start":{"line":17,"column":0},"end":{"line":17,"column":25}},{"start":{"line":17,"column":29},"end":{"line":17,"column":59}}],"line":17},"2":{"loc":{"start":{"line":55,"column":17},"end":{"line":55,"column":34}},"type":"binary-expr","locations":[{"start":{"line":55,"column":17},"end":{"line":55,"column":27}},{"start":{"line":55,"column":31},"end":{"line":55,"column":34}}],"line":55},"3":{"loc":{"start":{"line":56,"column":13},"end":{"line":56,"column":26}},"type":"binary-expr","locations":[{"start":{"line":56,"column":13},"end":{"line":56,"column":19}},{"start":{"line":56,"column":23},"end":{"line":56,"column":26}}],"line":56},"4":{"loc":{"start":{"line":57,"column":12},"end":{"line":57,"column":45}},"type":"cond-expr","locations":[{"start":{"line":57,"column":29},"end":{"line":57,"column":35}},{"start":{"line":57,"column":38},"end":{"line":57,"column":45}}],"line":57}},"s":{"0":2,"1":2,"2":2,"3":2,"4":2,"5":2,"6":2,"7":2,"8":2,"9":2,"10":2,"11":2,"12":2,"13":2,"14":2,"15":0,"16":2,"17":2,"18":2,"19":2,"20":2,"21":2,"22":2,"23":0,"24":2,"25":5,"26":5,"27":2},"f":{"0":0,"1":0,"2":5},"b":{"0":[0,2],"1":[2,0],"2":[5,0],"3":[5,0],"4":[0,5]},"_coverageSchema":"1a1c01bbd47fc00a2c39e90264f33305004495a9","hash":"50e4289a36ddd61f9d9ee5e7f1d7ff277f2528c5"}
,"C:\\GitHub\\nodejs-homework-rest-api\\config\\passport.js": {"path":"C:\\GitHub\\nodejs-homework-rest-api\\config\\passport.js","statementMap":{"0":{"start":{"line":1,"column":17},"end":{"line":1,"column":36}},"1":{"start":{"line":2,"column":33},"end":{"line":2,"column":56}},"2":{"start":{"line":3,"column":14},"end":{"line":3,"column":39}},"3":{"start":{"line":4,"column":0},"end":{"line":4,"column":26}},"4":{"start":{"line":5,"column":23},"end":{"line":5,"column":49}},"5":{"start":{"line":7,"column":13},"end":{"line":10,"column":1}},"6":{"start":{"line":12,"column":0},"end":{"line":27,"column":1}},"7":{"start":{"line":14,"column":8},"end":{"line":25,"column":9}},"8":{"start":{"line":15,"column":25},"end":{"line":15,"column":57}},"9":{"start":{"line":16,"column":12},"end":{"line":18,"column":13}},"10":{"start":{"line":17,"column":16},"end":{"line":17,"column":56}},"11":{"start":{"line":19,"column":12},"end":{"line":21,"column":13}},"12":{"start":{"line":20,"column":16},"end":{"line":20,"column":40}},"13":{"start":{"line":22,"column":12},"end":{"line":22,"column":35}},"14":{"start":{"line":24,"column":12},"end":{"line":24,"column":35}}},"fnMap":{"0":{"name":"(anonymous_0)","decl":{"start":{"line":13,"column":23},"end":{"line":13,"column":24}},"loc":{"start":{"line":13,"column":48},"end":{"line":26,"column":5}},"line":13}},"branchMap":{"0":{"loc":{"start":{"line":16,"column":12},"end":{"line":18,"column":13}},"type":"if","locations":[{"start":{"line":16,"column":12},"end":{"line":18,"column":13}},{"start":{"line":16,"column":12},"end":{"line":18,"column":13}}],"line":16},"1":{"loc":{"start":{"line":19,"column":12},"end":{"line":21,"column":13}},"type":"if","locations":[{"start":{"line":19,"column":12},"end":{"line":21,"column":13}},{"start":{"line":19,"column":12},"end":{"line":21,"column":13}}],"line":19}},"s":{"0":2,"1":2,"2":2,"3":2,"4":2,"5":2,"6":2,"7":11,"8":11,"9":11,"10":0,"11":11,"12":0,"13":11,"14":0},"f":{"0":11},"b":{"0":[0,11],"1":[0,11]},"_coverageSchema":"1a1c01bbd47fc00a2c39e90264f33305004495a9","hash":"8490cb093269f0f17cd54defac0513ce18515d68"}
,"C:\\GitHub\\nodejs-homework-rest-api\\controllers\\contacts.js": {"path":"C:\\GitHub\\nodejs-homework-rest-api\\controllers\\contacts.js","statementMap":{"0":{"start":{"line":1,"column":17},"end":{"line":1,"column":45}},"1":{"start":{"line":2,"column":21},"end":{"line":2,"column":52}},"2":{"start":{"line":4,"column":15},"end":{"line":22,"column":1}},"3":{"start":{"line":5,"column":2},"end":{"line":21,"column":3}},"4":{"start":{"line":6,"column":19},"end":{"line":6,"column":31}},"5":{"start":{"line":7,"column":53},"end":{"line":7,"column":99}},"6":{"start":{"line":8,"column":4},"end":{"line":18,"column":6}},"7":{"start":{"line":20,"column":4},"end":{"line":20,"column":11}},"8":{"start":{"line":24,"column":16},"end":{"line":46,"column":1}},"9":{"start":{"line":25,"column":2},"end":{"line":45,"column":3}},"10":{"start":{"line":26,"column":19},"end":{"line":26,"column":31}},"11":{"start":{"line":27,"column":20},"end":{"line":27,"column":79}},"12":{"start":{"line":28,"column":4},"end":{"line":42,"column":5}},"13":{"start":{"line":29,"column":6},"end":{"line":35,"column":8}},"14":{"start":{"line":37,"column":6},"end":{"line":41,"column":8}},"15":{"start":{"line":44,"column":4},"end":{"line":44,"column":11}},"16":{"start":{"line":48,"column":12},"end":{"line":62,"column":1}},"17":{"start":{"line":49,"column":2},"end":{"line":61,"column":3}},"18":{"start":{"line":50,"column":19},"end":{"line":50,"column":31}},"19":{"start":{"line":51,"column":20},"end":{"line":51,"column":63}},"20":{"start":{"line":52,"column":4},"end":{"line":58,"column":6}},"21":{"start":{"line":60,"column":4},"end":{"line":60,"column":11}},"22":{"start":{"line":64,"column":15},"end":{"line":86,"column":1}},"23":{"start":{"line":65,"column":2},"end":{"line":85,"column":3}},"24":{"start":{"line":66,"column":19},"end":{"line":66,"column":31}},"25":{"start":{"line":67,"column":20},"end":{"line":67,"column":88}},"26":{"start":{"line":68,"column":4},"end":{"line":82,"column":5}},"27":{"start":{"line":69,"column":6},"end":{"line":75,"column":8}},"28":{"start":{"line":77,"column":6},"end":{"line":81,"column":8}},"29":{"start":{"line":84,"column":4},"end":{"line":84,"column":11}},"30":{"start":{"line":88,"column":15},"end":{"line":110,"column":1}},"31":{"start":{"line":89,"column":2},"end":{"line":109,"column":3}},"32":{"start":{"line":90,"column":19},"end":{"line":90,"column":31}},"33":{"start":{"line":91,"column":20},"end":{"line":91,"column":78}},"34":{"start":{"line":92,"column":4},"end":{"line":106,"column":5}},"35":{"start":{"line":93,"column":6},"end":{"line":99,"column":8}},"36":{"start":{"line":101,"column":6},"end":{"line":105,"column":8}},"37":{"start":{"line":108,"column":4},"end":{"line":108,"column":11}},"38":{"start":{"line":112,"column":21},"end":{"line":134,"column":1}},"39":{"start":{"line":113,"column":2},"end":{"line":133,"column":3}},"40":{"start":{"line":114,"column":19},"end":{"line":114,"column":31}},"41":{"start":{"line":115,"column":20},"end":{"line":115,"column":88}},"42":{"start":{"line":116,"column":4},"end":{"line":130,"column":5}},"43":{"start":{"line":117,"column":6},"end":{"line":123,"column":8}},"44":{"start":{"line":125,"column":6},"end":{"line":129,"column":8}},"45":{"start":{"line":132,"column":4},"end":{"line":132,"column":11}},"46":{"start":{"line":136,"column":0},"end":{"line":143,"column":1}}},"fnMap":{"0":{"name":"(anonymous_0)","decl":{"start":{"line":4,"column":15},"end":{"line":4,"column":16}},"loc":{"start":{"line":4,"column":41},"end":{"line":22,"column":1}},"line":4},"1":{"name":"(anonymous_1)","decl":{"start":{"line":24,"column":16},"end":{"line":24,"column":17}},"loc":{"start":{"line":24,"column":42},"end":{"line":46,"column":1}},"line":24},"2":{"name":"(anonymous_2)","decl":{"start":{"line":48,"column":12},"end":{"line":48,"column":13}},"loc":{"start":{"line":48,"column":38},"end":{"line":62,"column":1}},"line":48},"3":{"name":"(anonymous_3)","decl":{"start":{"line":64,"column":15},"end":{"line":64,"column":16}},"loc":{"start":{"line":64,"column":41},"end":{"line":86,"column":1}},"line":64},"4":{"name":"(anonymous_4)","decl":{"start":{"line":88,"column":15},"end":{"line":88,"column":16}},"loc":{"start":{"line":88,"column":41},"end":{"line":110,"column":1}},"line":88},"5":{"name":"(anonymous_5)","decl":{"start":{"line":112,"column":21},"end":{"line":112,"column":22}},"loc":{"start":{"line":112,"column":47},"end":{"line":134,"column":1}},"line":112}},"branchMap":{"0":{"loc":{"start":{"line":28,"column":4},"end":{"line":42,"column":5}},"type":"if","locations":[{"start":{"line":28,"column":4},"end":{"line":42,"column":5}},{"start":{"line":28,"column":4},"end":{"line":42,"column":5}}],"line":28},"1":{"loc":{"start":{"line":68,"column":4},"end":{"line":82,"column":5}},"type":"if","locations":[{"start":{"line":68,"column":4},"end":{"line":82,"column":5}},{"start":{"line":68,"column":4},"end":{"line":82,"column":5}}],"line":68},"2":{"loc":{"start":{"line":92,"column":4},"end":{"line":106,"column":5}},"type":"if","locations":[{"start":{"line":92,"column":4},"end":{"line":106,"column":5}},{"start":{"line":92,"column":4},"end":{"line":106,"column":5}}],"line":92},"3":{"loc":{"start":{"line":116,"column":4},"end":{"line":130,"column":5}},"type":"if","locations":[{"start":{"line":116,"column":4},"end":{"line":130,"column":5}},{"start":{"line":116,"column":4},"end":{"line":130,"column":5}}],"line":116}},"s":{"0":2,"1":2,"2":2,"3":1,"4":1,"5":1,"6":1,"7":0,"8":2,"9":2,"10":2,"11":2,"12":2,"13":1,"14":1,"15":0,"16":2,"17":1,"18":1,"19":1,"20":1,"21":0,"22":2,"23":2,"24":2,"25":2,"26":2,"27":1,"28":1,"29":0,"30":2,"31":0,"32":0,"33":0,"34":0,"35":0,"36":0,"37":0,"38":2,"39":2,"40":2,"41":2,"42":2,"43":1,"44":1,"45":0,"46":2},"f":{"0":1,"1":2,"2":1,"3":2,"4":0,"5":2},"b":{"0":[1,1],"1":[1,1],"2":[0,0],"3":[1,1]},"_coverageSchema":"1a1c01bbd47fc00a2c39e90264f33305004495a9","hash":"de5310c11600dd8f5b37a62cd75744abfc87b773"}
,"C:\\GitHub\\nodejs-homework-rest-api\\controllers\\users.js": {"path":"C:\\GitHub\\nodejs-homework-rest-api\\controllers\\users.js","statementMap":{"0":{"start":{"line":1,"column":12},"end":{"line":1,"column":35}},"1":{"start":{"line":2,"column":13},"end":{"line":2,"column":28}},"2":{"start":{"line":3,"column":11},"end":{"line":3,"column":33}},"3":{"start":{"line":4,"column":13},"end":{"line":4,"column":28}},"4":{"start":{"line":7,"column":0},"end":{"line":7,"column":26}},"5":{"start":{"line":8,"column":14},"end":{"line":8,"column":39}},"6":{"start":{"line":9,"column":35},"end":{"line":9,"column":66}},"7":{"start":{"line":10,"column":23},"end":{"line":10,"column":49}},"8":{"start":{"line":20,"column":15},"end":{"line":45,"column":2}},"9":{"start":{"line":21,"column":22},"end":{"line":21,"column":30}},"10":{"start":{"line":22,"column":17},"end":{"line":22,"column":47}},"11":{"start":{"line":23,"column":4},"end":{"line":29,"column":5}},"12":{"start":{"line":24,"column":8},"end":{"line":28,"column":8}},"13":{"start":{"line":30,"column":4},"end":{"line":44,"column":5}},"14":{"start":{"line":31,"column":24},"end":{"line":31,"column":56}},"15":{"start":{"line":32,"column":8},"end":{"line":41,"column":10}},"16":{"start":{"line":43,"column":8},"end":{"line":43,"column":15}},"17":{"start":{"line":47,"column":14},"end":{"line":66,"column":1}},"18":{"start":{"line":48,"column":32},"end":{"line":48,"column":40}},"19":{"start":{"line":49,"column":17},"end":{"line":49,"column":47}},"20":{"start":{"line":50,"column":28},"end":{"line":50,"column":63}},"21":{"start":{"line":51,"column":4},"end":{"line":57,"column":5}},"22":{"start":{"line":52,"column":8},"end":{"line":56,"column":10}},"23":{"start":{"line":58,"column":20},"end":{"line":58,"column":35}},"24":{"start":{"line":59,"column":18},"end":{"line":59,"column":72}},"25":{"start":{"line":60,"column":4},"end":{"line":60,"column":43}},"26":{"start":{"line":61,"column":4},"end":{"line":65,"column":6}},"27":{"start":{"line":68,"column":15},"end":{"line":72,"column":1}},"28":{"start":{"line":69,"column":15},"end":{"line":69,"column":26}},"29":{"start":{"line":70,"column":4},"end":{"line":70,"column":37}},"30":{"start":{"line":71,"column":4},"end":{"line":71,"column":51}},"31":{"start":{"line":74,"column":16},"end":{"line":91,"column":1}},"32":{"start":{"line":75,"column":3},"end":{"line":90,"column":5}},"33":{"start":{"line":76,"column":26},"end":{"line":76,"column":40}},"34":{"start":{"line":77,"column":19},"end":{"line":77,"column":60}},"35":{"start":{"line":78,"column":36},"end":{"line":78,"column":60}},"36":{"start":{"line":79,"column":4},"end":{"line":87,"column":8}},"37":{"start":{"line":89,"column":6},"end":{"line":89,"column":13}},"38":{"start":{"line":93,"column":28},"end":{"line":118,"column":1}},"39":{"start":{"line":94,"column":2},"end":{"line":117,"column":3}},"40":{"start":{"line":95,"column":26},"end":{"line":95,"column":40}},"41":{"start":{"line":96,"column":19},"end":{"line":96,"column":60}},"42":{"start":{"line":97,"column":17},"end":{"line":97,"column":61}},"43":{"start":{"line":98,"column":4},"end":{"line":114,"column":5}},"44":{"start":{"line":99,"column":6},"end":{"line":107,"column":8}},"45":{"start":{"line":109,"column":6},"end":{"line":113,"column":8}},"46":{"start":{"line":116,"column":4},"end":{"line":116,"column":11}},"47":{"start":{"line":120,"column":20},"end":{"line":128,"column":1}},"48":{"start":{"line":121,"column":2},"end":{"line":127,"column":4}},"49":{"start":{"line":130,"column":16},"end":{"line":138,"column":1}},"50":{"start":{"line":131,"column":2},"end":{"line":137,"column":4}},"51":{"start":{"line":140,"column":21},"end":{"line":148,"column":1}},"52":{"start":{"line":141,"column":2},"end":{"line":147,"column":4}},"53":{"start":{"line":150,"column":25},"end":{"line":163,"column":1}},"54":{"start":{"line":151,"column":17},"end":{"line":151,"column":25}},"55":{"start":{"line":152,"column":20},"end":{"line":152,"column":45}},"56":{"start":{"line":153,"column":2},"end":{"line":153,"column":41}},"57":{"start":{"line":156,"column":2},"end":{"line":162,"column":6}},"58":{"start":{"line":165,"column":23},"end":{"line":188,"column":1}},"59":{"start":{"line":166,"column":25},"end":{"line":166,"column":51}},"60":{"start":{"line":168,"column":19},"end":{"line":168,"column":32}},"61":{"start":{"line":169,"column":24},"end":{"line":169,"column":75}},"62":{"start":{"line":170,"column":14},"end":{"line":170,"column":39}},"63":{"start":{"line":171,"column":2},"end":{"line":173,"column":25}},"64":{"start":{"line":174,"column":2},"end":{"line":181,"column":3}},"65":{"start":{"line":175,"column":4},"end":{"line":178,"column":3}},"66":{"start":{"line":180,"column":6},"end":{"line":180,"column":28}},"67":{"start":{"line":182,"column":20},"end":{"line":182,"column":35}},"68":{"start":{"line":183,"column":2},"end":{"line":185,"column":2}},"69":{"start":{"line":184,"column":3},"end":{"line":184,"column":65}},"70":{"start":{"line":187,"column":2},"end":{"line":187,"column":68}},"71":{"start":{"line":206,"column":0},"end":{"line":216,"column":1}}},"fnMap":{"0":{"name":"(anonymous_0)","decl":{"start":{"line":20,"column":15},"end":{"line":20,"column":16}},"loc":{"start":{"line":20,"column":41},"end":{"line":45,"column":2}},"line":20},"1":{"name":"(anonymous_1)","decl":{"start":{"line":47,"column":14},"end":{"line":47,"column":15}},"loc":{"start":{"line":47,"column":40},"end":{"line":66,"column":1}},"line":47},"2":{"name":"(anonymous_2)","decl":{"start":{"line":68,"column":15},"end":{"line":68,"column":16}},"loc":{"start":{"line":68,"column":41},"end":{"line":72,"column":1}},"line":68},"3":{"name":"(anonymous_3)","decl":{"start":{"line":74,"column":16},"end":{"line":74,"column":17}},"loc":{"start":{"line":74,"column":42},"end":{"line":91,"column":1}},"line":74},"4":{"name":"(anonymous_4)","decl":{"start":{"line":93,"column":28},"end":{"line":93,"column":29}},"loc":{"start":{"line":93,"column":54},"end":{"line":118,"column":1}},"line":93},"5":{"name":"(anonymous_5)","decl":{"start":{"line":120,"column":20},"end":{"line":120,"column":21}},"loc":{"start":{"line":120,"column":46},"end":{"line":128,"column":1}},"line":120},"6":{"name":"(anonymous_6)","decl":{"start":{"line":130,"column":16},"end":{"line":130,"column":17}},"loc":{"start":{"line":130,"column":42},"end":{"line":138,"column":1}},"line":130},"7":{"name":"(anonymous_7)","decl":{"start":{"line":140,"column":21},"end":{"line":140,"column":22}},"loc":{"start":{"line":140,"column":47},"end":{"line":148,"column":1}},"line":140},"8":{"name":"(anonymous_8)","decl":{"start":{"line":150,"column":25},"end":{"line":150,"column":26}},"loc":{"start":{"line":150,"column":51},"end":{"line":163,"column":1}},"line":150},"9":{"name":"(anonymous_9)","decl":{"start":{"line":165,"column":23},"end":{"line":165,"column":24}},"loc":{"start":{"line":165,"column":38},"end":{"line":188,"column":1}},"line":165}},"branchMap":{"0":{"loc":{"start":{"line":23,"column":4},"end":{"line":29,"column":5}},"type":"if","locations":[{"start":{"line":23,"column":4},"end":{"line":29,"column":5}},{"start":{"line":23,"column":4},"end":{"line":29,"column":5}}],"line":23},"1":{"loc":{"start":{"line":51,"column":4},"end":{"line":57,"column":5}},"type":"if","locations":[{"start":{"line":51,"column":4},"end":{"line":57,"column":5}},{"start":{"line":51,"column":4},"end":{"line":57,"column":5}}],"line":51},"2":{"loc":{"start":{"line":51,"column":8},"end":{"line":51,"column":33}},"type":"binary-expr","locations":[{"start":{"line":51,"column":8},"end":{"line":51,"column":13}},{"start":{"line":51,"column":17},"end":{"line":51,"column":33}}],"line":51},"3":{"loc":{"start":{"line":98,"column":4},"end":{"line":114,"column":5}},"type":"if","locations":[{"start":{"line":98,"column":4},"end":{"line":114,"column":5}},{"start":{"line":98,"column":4},"end":{"line":114,"column":5}}],"line":98},"4":{"loc":{"start":{"line":183,"column":2},"end":{"line":185,"column":2}},"type":"if","locations":[{"start":{"line":183,"column":2},"end":{"line":185,"column":2}},{"start":{"line":183,"column":2},"end":{"line":185,"column":2}}],"line":183}},"s":{"0":2,"1":2,"2":2,"3":2,"4":2,"5":2,"6":2,"7":2,"8":2,"9":0,"10":0,"11":0,"12":0,"13":0,"14":0,"15":0,"16":0,"17":2,"18":0,"19":0,"20":0,"21":0,"22":0,"23":0,"24":0,"25":0,"26":0,"27":2,"28":0,"29":0,"30":0,"31":2,"32":0,"33":0,"34":0,"35":0,"36":0,"37":0,"38":2,"39":0,"40":0,"41":0,"42":0,"43":0,"44":0,"45":0,"46":0,"47":2,"48":0,"49":2,"50":0,"51":2,"52":0,"53":2,"54":0,"55":0,"56":0,"57":0,"58":2,"59":0,"60":0,"61":0,"62":0,"63":0,"64":0,"65":0,"66":0,"67":0,"68":0,"69":0,"70":0,"71":2},"f":{"0":0,"1":0,"2":0,"3":0,"4":0,"5":0,"6":0,"7":0,"8":0,"9":0},"b":{"0":[0,0],"1":[0,0],"2":[0,0],"3":[0,0],"4":[0,0]},"_coverageSchema":"1a1c01bbd47fc00a2c39e90264f33305004495a9","hash":"b9e314ce4cede4a6fba4dc7e124b9cf250cfc049"}
,"C:\\GitHub\\nodejs-homework-rest-api\\helpers\\constants.js": {"path":"C:\\GitHub\\nodejs-homework-rest-api\\helpers\\constants.js","statementMap":{"0":{"start":{"line":1,"column":21},"end":{"line":5,"column":1}},"1":{"start":{"line":7,"column":17},"end":{"line":18,"column":1}},"2":{"start":{"line":20,"column":0},"end":{"line":23,"column":1}}},"fnMap":{},"branchMap":{},"s":{"0":3,"1":3,"2":3},"f":{},"b":{},"_coverageSchema":"1a1c01bbd47fc00a2c39e90264f33305004495a9","hash":"1af8bb28b24217277212ec7d9de6c4d0ad923757"}
,"C:\\GitHub\\nodejs-homework-rest-api\\helpers\\guard.js": {"path":"C:\\GitHub\\nodejs-homework-rest-api\\helpers\\guard.js","statementMap":{"0":{"start":{"line":1,"column":17},"end":{"line":1,"column":36}},"1":{"start":{"line":2,"column":21},"end":{"line":2,"column":43}},"2":{"start":{"line":3,"column":0},"end":{"line":3,"column":29}},"3":{"start":{"line":5,"column":14},"end":{"line":22,"column":1}},"4":{"start":{"line":6,"column":4},"end":{"line":21,"column":22}},"5":{"start":{"line":7,"column":20},"end":{"line":7,"column":24}},"6":{"start":{"line":8,"column":8},"end":{"line":10,"column":9}},"7":{"start":{"line":9,"column":12},"end":{"line":9,"column":58}},"8":{"start":{"line":11,"column":8},"end":{"line":17,"column":5}},"9":{"start":{"line":12,"column":12},"end":{"line":16,"column":10}},"10":{"start":{"line":18,"column":8},"end":{"line":18,"column":23}},"11":{"start":{"line":20,"column":8},"end":{"line":20,"column":21}},"12":{"start":{"line":24,"column":0},"end":{"line":24,"column":22}}},"fnMap":{"0":{"name":"(anonymous_0)","decl":{"start":{"line":5,"column":14},"end":{"line":5,"column":15}},"loc":{"start":{"line":5,"column":34},"end":{"line":22,"column":1}},"line":5},"1":{"name":"(anonymous_1)","decl":{"start":{"line":6,"column":53},"end":{"line":6,"column":54}},"loc":{"start":{"line":6,"column":68},"end":{"line":21,"column":5}},"line":6}},"branchMap":{"0":{"loc":{"start":{"line":8,"column":8},"end":{"line":10,"column":9}},"type":"if","locations":[{"start":{"line":8,"column":8},"end":{"line":10,"column":9}},{"start":{"line":8,"column":8},"end":{"line":10,"column":9}}],"line":8},"1":{"loc":{"start":{"line":11,"column":8},"end":{"line":17,"column":5}},"type":"if","locations":[{"start":{"line":11,"column":8},"end":{"line":17,"column":5}},{"start":{"line":11,"column":8},"end":{"line":17,"column":5}}],"line":11},"2":{"loc":{"start":{"line":11,"column":12},"end":{"line":11,"column":48}},"type":"binary-expr","locations":[{"start":{"line":11,"column":12},"end":{"line":11,"column":17}},{"start":{"line":11,"column":21},"end":{"line":11,"column":24}},{"start":{"line":11,"column":28},"end":{"line":11,"column":48}}],"line":11}},"s":{"0":2,"1":2,"2":2,"3":2,"4":11,"5":11,"6":11,"7":11,"8":11,"9":0,"10":11,"11":11,"12":2},"f":{"0":11,"1":11},"b":{"0":[11,0],"1":[0,11],"2":[11,11,11]},"_coverageSchema":"1a1c01bbd47fc00a2c39e90264f33305004495a9","hash":"f069451e8270d9230c6bdadde94ed0cd4928feb7"}
,"C:\\GitHub\\nodejs-homework-rest-api\\helpers\\role.js": {"path":"C:\\GitHub\\nodejs-homework-rest-api\\helpers\\role.js","statementMap":{"0":{"start":{"line":1,"column":21},"end":{"line":1,"column":43}},"1":{"start":{"line":3,"column":13},"end":{"line":13,"column":5}},"2":{"start":{"line":3,"column":23},"end":{"line":13,"column":5}},"3":{"start":{"line":4,"column":21},"end":{"line":4,"column":42}},"4":{"start":{"line":5,"column":8},"end":{"line":11,"column":9}},"5":{"start":{"line":6,"column":12},"end":{"line":10,"column":14}},"6":{"start":{"line":12,"column":8},"end":{"line":12,"column":21}},"7":{"start":{"line":15,"column":0},"end":{"line":15,"column":21}}},"fnMap":{"0":{"name":"(anonymous_0)","decl":{"start":{"line":3,"column":13},"end":{"line":3,"column":14}},"loc":{"start":{"line":3,"column":23},"end":{"line":13,"column":5}},"line":3},"1":{"name":"(anonymous_1)","decl":{"start":{"line":3,"column":23},"end":{"line":3,"column":24}},"loc":{"start":{"line":3,"column":43},"end":{"line":13,"column":5}},"line":3}},"branchMap":{"0":{"loc":{"start":{"line":5,"column":8},"end":{"line":11,"column":9}},"type":"if","locations":[{"start":{"line":5,"column":8},"end":{"line":11,"column":9}},{"start":{"line":5,"column":8},"end":{"line":11,"column":9}}],"line":5}},"s":{"0":3,"1":3,"2":9,"3":3,"4":3,"5":2,"6":1,"7":3},"f":{"0":9,"1":3},"b":{"0":[2,1]},"_coverageSchema":"1a1c01bbd47fc00a2c39e90264f33305004495a9","hash":"61716ecbc37134659dab971ba3ee210571a4487a"}
,"C:\\GitHub\\nodejs-homework-rest-api\\helpers\\upload-avatar.js": {"path":"C:\\GitHub\\nodejs-homework-rest-api\\helpers\\upload-avatar.js","statementMap":{"0":{"start":{"line":1,"column":15},"end":{"line":1,"column":32}},"1":{"start":{"line":2,"column":13},"end":{"line":2,"column":28}},"2":{"start":{"line":3,"column":0},"end":{"line":3,"column":26}},"3":{"start":{"line":4,"column":19},"end":{"line":4,"column":67}},"4":{"start":{"line":6,"column":16},"end":{"line":13,"column":2}},"5":{"start":{"line":8,"column":4},"end":{"line":8,"column":24}},"6":{"start":{"line":11,"column":4},"end":{"line":11,"column":31}},"7":{"start":{"line":15,"column":15},"end":{"line":33,"column":2}},"8":{"start":{"line":21,"column":8},"end":{"line":25,"column":9}},"9":{"start":{"line":23,"column":10},"end":{"line":23,"column":24}},"10":{"start":{"line":24,"column":10},"end":{"line":24,"column":16}},"11":{"start":{"line":26,"column":18},"end":{"line":26,"column":51}},"12":{"start":{"line":27,"column":6},"end":{"line":27,"column":22}},"13":{"start":{"line":28,"column":6},"end":{"line":28,"column":13}},"14":{"start":{"line":35,"column":0},"end":{"line":35,"column":23}}},"fnMap":{"0":{"name":"(anonymous_0)","decl":{"start":{"line":7,"column":15},"end":{"line":7,"column":16}},"loc":{"start":{"line":7,"column":40},"end":{"line":9,"column":3}},"line":7},"1":{"name":"(anonymous_1)","decl":{"start":{"line":10,"column":12},"end":{"line":10,"column":13}},"loc":{"start":{"line":10,"column":37},"end":{"line":12,"column":3}},"line":10},"2":{"name":"(anonymous_2)","decl":{"start":{"line":20,"column":16},"end":{"line":20,"column":17}},"loc":{"start":{"line":20,"column":35},"end":{"line":32,"column":5}},"line":20}},"branchMap":{"0":{"loc":{"start":{"line":21,"column":8},"end":{"line":25,"column":9}},"type":"if","locations":[{"start":{"line":21,"column":8},"end":{"line":25,"column":9}},{"start":{"line":21,"column":8},"end":{"line":25,"column":9}}],"line":21}},"s":{"0":2,"1":2,"2":2,"3":2,"4":2,"5":0,"6":0,"7":2,"8":0,"9":0,"10":0,"11":0,"12":0,"13":0,"14":2},"f":{"0":0,"1":0,"2":0},"b":{"0":[0,0]},"_coverageSchema":"1a1c01bbd47fc00a2c39e90264f33305004495a9","hash":"488f3659bde7afb13e631449617732e8b22bdd4d"}
,"C:\\GitHub\\nodejs-homework-rest-api\\routes\\contacts\\index.js": {"path":"C:\\GitHub\\nodejs-homework-rest-api\\routes\\contacts\\index.js","statementMap":{"0":{"start":{"line":1,"column":16},"end":{"line":1,"column":34}},"1":{"start":{"line":2,"column":15},"end":{"line":2,"column":31}},"2":{"start":{"line":3,"column":13},"end":{"line":3,"column":50}},"3":{"start":{"line":10,"column":4},"end":{"line":10,"column":47}},"4":{"start":{"line":11,"column":14},"end":{"line":11,"column":44}},"5":{"start":{"line":13,"column":0},"end":{"line":15,"column":49}},"6":{"start":{"line":17,"column":0},"end":{"line":21,"column":60}},"7":{"start":{"line":23,"column":0},"end":{"line":23,"column":23}}},"fnMap":{},"branchMap":{},"s":{"0":2,"1":2,"2":2,"3":2,"4":2,"5":2,"6":2,"7":2},"f":{},"b":{},"_coverageSchema":"1a1c01bbd47fc00a2c39e90264f33305004495a9","hash":"6063d2f6b14d92fbde9a4cda13bda0a3ac45a910"}
,"C:\\GitHub\\nodejs-homework-rest-api\\routes\\contacts\\valid-contact-router.js": {"path":"C:\\GitHub\\nodejs-homework-rest-api\\routes\\contacts\\valid-contact-router.js","statementMap":{"0":{"start":{"line":1,"column":12},"end":{"line":1,"column":26}},"1":{"start":{"line":2,"column":17},"end":{"line":2,"column":36}},"2":{"start":{"line":4,"column":25},"end":{"line":17,"column":2}},"3":{"start":{"line":19,"column":27},"end":{"line":27,"column":34}},"4":{"start":{"line":29,"column":28},"end":{"line":41,"column":43}},"5":{"start":{"line":43,"column":34},"end":{"line":45,"column":2}},"6":{"start":{"line":47,"column":17},"end":{"line":54,"column":1}},"7":{"start":{"line":48,"column":2},"end":{"line":53,"column":3}},"8":{"start":{"line":49,"column":4},"end":{"line":49,"column":35}},"9":{"start":{"line":50,"column":4},"end":{"line":50,"column":17}},"10":{"start":{"line":52,"column":4},"end":{"line":52,"column":66}},"11":{"start":{"line":56,"column":0},"end":{"line":75,"column":1}},"12":{"start":{"line":58,"column":4},"end":{"line":58,"column":62}},"13":{"start":{"line":61,"column":4},"end":{"line":61,"column":59}},"14":{"start":{"line":64,"column":4},"end":{"line":64,"column":68}},"15":{"start":{"line":67,"column":4},"end":{"line":67,"column":62}},"16":{"start":{"line":70,"column":4},"end":{"line":72,"column":5}},"17":{"start":{"line":71,"column":6},"end":{"line":71,"column":63}},"18":{"start":{"line":73,"column":4},"end":{"line":73,"column":10}}},"fnMap":{"0":{"name":"(anonymous_0)","decl":{"start":{"line":47,"column":17},"end":{"line":47,"column":18}},"loc":{"start":{"line":47,"column":46},"end":{"line":54,"column":1}},"line":47},"1":{"name":"(anonymous_1)","decl":{"start":{"line":57,"column":24},"end":{"line":57,"column":25}},"loc":{"start":{"line":57,"column":50},"end":{"line":59,"column":3}},"line":57},"2":{"name":"(anonymous_2)","decl":{"start":{"line":60,"column":22},"end":{"line":60,"column":23}},"loc":{"start":{"line":60,"column":48},"end":{"line":62,"column":3}},"line":60},"3":{"name":"(anonymous_3)","decl":{"start":{"line":63,"column":31},"end":{"line":63,"column":32}},"loc":{"start":{"line":63,"column":57},"end":{"line":65,"column":3}},"line":63},"4":{"name":"(anonymous_4)","decl":{"start":{"line":66,"column":25},"end":{"line":66,"column":26}},"loc":{"start":{"line":66,"column":51},"end":{"line":68,"column":3}},"line":66},"5":{"name":"(anonymous_5)","decl":{"start":{"line":69,"column":20},"end":{"line":69,"column":21}},"loc":{"start":{"line":69,"column":46},"end":{"line":74,"column":3}},"line":69}},"branchMap":{"0":{"loc":{"start":{"line":70,"column":4},"end":{"line":72,"column":5}},"type":"if","locations":[{"start":{"line":70,"column":4},"end":{"line":72,"column":5}},{"start":{"line":70,"column":4},"end":{"line":72,"column":5}}],"line":70}},"s":{"0":2,"1":2,"2":2,"3":2,"4":2,"5":2,"6":2,"7":10,"8":10,"9":6,"10":4,"11":2,"12":1,"13":3,"14":3,"15":3,"16":3,"17":1,"18":2},"f":{"0":10,"1":1,"2":3,"3":3,"4":3,"5":3},"b":{"0":[1,2]},"_coverageSchema":"1a1c01bbd47fc00a2c39e90264f33305004495a9","hash":"a14d2a2bb4b26c5df6d892b45bbaf8784db2568d"}
,"C:\\GitHub\\nodejs-homework-rest-api\\routes\\users\\index.js": {"path":"C:\\GitHub\\nodejs-homework-rest-api\\routes\\users\\index.js","statementMap":{"0":{"start":{"line":1,"column":16},"end":{"line":1,"column":34}},"1":{"start":{"line":2,"column":15},"end":{"line":2,"column":31}},"2":{"start":{"line":3,"column":13},"end":{"line":3,"column":47}},"3":{"start":{"line":4,"column":14},"end":{"line":4,"column":44}},"4":{"start":{"line":5,"column":18},"end":{"line":5,"column":47}},"5":{"start":{"line":6,"column":35},"end":{"line":6,"column":69}},"6":{"start":{"line":7,"column":13},"end":{"line":7,"column":42}},"7":{"start":{"line":8,"column":74},"end":{"line":8,"column":111}},"8":{"start":{"line":9,"column":21},"end":{"line":9,"column":59}},"9":{"start":{"line":11,"column":16},"end":{"line":21,"column":2}},"10":{"start":{"line":15,"column":4},"end":{"line":19,"column":6}},"11":{"start":{"line":23,"column":0},"end":{"line":23,"column":77}},"12":{"start":{"line":24,"column":0},"end":{"line":24,"column":64}},"13":{"start":{"line":25,"column":0},"end":{"line":25,"column":48}},"14":{"start":{"line":26,"column":0},"end":{"line":26,"column":42}},"15":{"start":{"line":27,"column":0},"end":{"line":27,"column":43}},"16":{"start":{"line":29,"column":0},"end":{"line":29,"column":75}},"17":{"start":{"line":30,"column":0},"end":{"line":30,"column":63}},"18":{"start":{"line":31,"column":0},"end":{"line":31,"column":78}},"19":{"start":{"line":33,"column":0},"end":{"line":37,"column":24}},"20":{"start":{"line":39,"column":0},"end":{"line":39,"column":23}}},"fnMap":{"0":{"name":"(anonymous_0)","decl":{"start":{"line":14,"column":11},"end":{"line":14,"column":12}},"loc":{"start":{"line":14,"column":31},"end":{"line":20,"column":3}},"line":14}},"branchMap":{},"s":{"0":2,"1":2,"2":2,"3":2,"4":2,"5":2,"6":2,"7":2,"8":2,"9":2,"10":0,"11":2,"12":2,"13":2,"14":2,"15":2,"16":2,"17":2,"18":2,"19":2,"20":2},"f":{"0":0},"b":{},"_coverageSchema":"1a1c01bbd47fc00a2c39e90264f33305004495a9","hash":"b71af70237233d6d823ba784e73b5e789af66c05"}
,"C:\\GitHub\\nodejs-homework-rest-api\\routes\\users\\valid-user-router.js": {"path":"C:\\GitHub\\nodejs-homework-rest-api\\routes\\users\\valid-user-router.js","statementMap":{"0":{"start":{"line":1,"column":12},"end":{"line":1,"column":26}},"1":{"start":{"line":2,"column":35},"end":{"line":2,"column":69}},"2":{"start":{"line":4,"column":22},"end":{"line":22,"column":2}},"3":{"start":{"line":24,"column":20},"end":{"line":32,"column":2}},"4":{"start":{"line":34,"column":37},"end":{"line":38,"column":2}},"5":{"start":{"line":40,"column":17},"end":{"line":48,"column":1}},"6":{"start":{"line":41,"column":2},"end":{"line":47,"column":3}},"7":{"start":{"line":42,"column":4},"end":{"line":42,"column":35}},"8":{"start":{"line":43,"column":4},"end":{"line":43,"column":17}},"9":{"start":{"line":45,"column":4},"end":{"line":45,"column":20}},"10":{"start":{"line":46,"column":4},"end":{"line":46,"column":83}},"11":{"start":{"line":50,"column":0},"end":{"line":60,"column":1}},"12":{"start":{"line":52,"column":4},"end":{"line":52,"column":56}},"13":{"start":{"line":55,"column":4},"end":{"line":55,"column":71}},"14":{"start":{"line":58,"column":4},"end":{"line":58,"column":54}}},"fnMap":{"0":{"name":"(anonymous_0)","decl":{"start":{"line":40,"column":17},"end":{"line":40,"column":18}},"loc":{"start":{"line":40,"column":46},"end":{"line":48,"column":1}},"line":40},"1":{"name":"(anonymous_1)","decl":{"start":{"line":51,"column":22},"end":{"line":51,"column":23}},"loc":{"start":{"line":51,"column":48},"end":{"line":53,"column":3}},"line":51},"2":{"name":"(anonymous_2)","decl":{"start":{"line":54,"column":31},"end":{"line":54,"column":32}},"loc":{"start":{"line":54,"column":57},"end":{"line":56,"column":3}},"line":54},"3":{"name":"(anonymous_3)","decl":{"start":{"line":57,"column":18},"end":{"line":57,"column":19}},"loc":{"start":{"line":57,"column":44},"end":{"line":59,"column":3}},"line":57}},"branchMap":{},"s":{"0":2,"1":2,"2":2,"3":2,"4":2,"5":2,"6":0,"7":0,"8":0,"9":0,"10":0,"11":2,"12":0,"13":0,"14":0},"f":{"0":0,"1":0,"2":0,"3":0},"b":{},"_coverageSchema":"1a1c01bbd47fc00a2c39e90264f33305004495a9","hash":"b59ac47488539e2f69276d6dd5940540900fd406"}
}
