TN:
SF:app.js
FN:24,(anonymous_0)
FN:50,(anonymous_1)
FN:54,(anonymous_2)
FNF:3
FNH:1
FNDA:0,(anonymous_0)
FNDA:0,(anonymous_1)
FNDA:5,(anonymous_2)
DA:1,2
DA:2,2
DA:3,2
DA:4,2
DA:5,2
DA:6,2
DA:7,2
DA:9,2
DA:10,2
DA:12,2
DA:14,2
DA:16,2
DA:17,2
DA:18,2
DA:21,2
DA:25,0
DA:34,2
DA:36,2
DA:44,2
DA:45,2
DA:47,2
DA:48,2
DA:50,2
DA:51,0
DA:54,2
DA:55,5
DA:56,5
DA:63,2
LF:28
LH:26
BRDA:14,0,0,0
BRDA:14,0,1,2
BRDA:17,1,0,2
BRDA:17,1,1,0
BRDA:55,2,0,5
BRDA:55,2,1,0
BRDA:56,3,0,5
BRDA:56,3,1,0
BRDA:57,4,0,0
BRDA:57,4,1,5
BRF:10
BRH:5
end_of_record
TN:
SF:config\passport.js
FN:13,(anonymous_0)
FNF:1
FNH:1
FNDA:11,(anonymous_0)
DA:1,2
DA:2,2
DA:3,2
DA:4,2
DA:5,2
DA:7,2
DA:12,2
DA:14,11
DA:15,11
DA:16,11
DA:17,0
DA:19,11
DA:20,0
DA:22,11
DA:24,0
LF:15
LH:12
BRDA:16,0,0,0
BRDA:16,0,1,11
BRDA:19,1,0,0
BRDA:19,1,1,11
BRF:4
BRH:2
end_of_record
TN:
SF:controllers\contacts.js
FN:4,(anonymous_0)
FN:24,(anonymous_1)
FN:48,(anonymous_2)
FN:64,(anonymous_3)
FN:88,(anonymous_4)
FN:112,(anonymous_5)
FNF:6
FNH:5
FNDA:1,(anonymous_0)
FNDA:2,(anonymous_1)
FNDA:1,(anonymous_2)
FNDA:2,(anonymous_3)
FNDA:0,(anonymous_4)
FNDA:2,(anonymous_5)
DA:1,2
DA:2,2
DA:4,2
DA:5,1
DA:6,1
DA:7,1
DA:8,1
DA:20,0
DA:24,2
DA:25,2
DA:26,2
DA:27,2
DA:28,2
DA:29,1
DA:37,1
DA:44,0
DA:48,2
DA:49,1
DA:50,1
DA:51,1
DA:52,1
DA:60,0
DA:64,2
DA:65,2
DA:66,2
DA:67,2
DA:68,2
DA:69,1
DA:77,1
DA:84,0
DA:88,2
DA:89,0
DA:90,0
DA:91,0
DA:92,0
DA:93,0
DA:101,0
DA:108,0
DA:112,2
DA:113,2
DA:114,2
DA:115,2
DA:116,2
DA:117,1
DA:125,1
DA:132,0
DA:136,2
LF:47
LH:35
BRDA:28,0,0,1
BRDA:28,0,1,1
BRDA:68,1,0,1
BRDA:68,1,1,1
BRDA:92,2,0,0
BRDA:92,2,1,0
BRDA:116,3,0,1
BRDA:116,3,1,1
BRF:8
BRH:6
end_of_record
TN:
SF:controllers\users.js
FN:20,(anonymous_0)
FN:47,(anonymous_1)
FN:68,(anonymous_2)
FN:74,(anonymous_3)
FN:93,(anonymous_4)
FN:120,(anonymous_5)
FN:130,(anonymous_6)
FN:140,(anonymous_7)
FN:150,(anonymous_8)
FN:165,(anonymous_9)
FNF:10
FNH:0
FNDA:0,(anonymous_0)
FNDA:0,(anonymous_1)
FNDA:0,(anonymous_2)
FNDA:0,(anonymous_3)
FNDA:0,(anonymous_4)
FNDA:0,(anonymous_5)
FNDA:0,(anonymous_6)
FNDA:0,(anonymous_7)
FNDA:0,(anonymous_8)
FNDA:0,(anonymous_9)
DA:1,2
DA:2,2
DA:3,2
DA:4,2
DA:7,2
DA:8,2
DA:9,2
DA:10,2
DA:20,2
DA:21,0
DA:22,0
DA:23,0
DA:24,0
DA:30,0
DA:31,0
DA:32,0
DA:43,0
DA:47,2
DA:48,0
DA:49,0
DA:50,0
DA:51,0
DA:52,0
DA:58,0
DA:59,0
DA:60,0
DA:61,0
DA:68,2
DA:69,0
DA:70,0
DA:71,0
DA:74,2
DA:75,0
DA:76,0
DA:77,0
DA:78,0
DA:79,0
DA:89,0
DA:93,2
DA:94,0
DA:95,0
DA:96,0
DA:97,0
DA:98,0
DA:99,0
DA:109,0
DA:116,0
DA:120,2
DA:121,0
DA:130,2
DA:131,0
DA:140,2
DA:141,0
DA:150,2
DA:151,0
DA:152,0
DA:153,0
DA:156,0
DA:165,2
DA:166,0
DA:168,0
DA:169,0
DA:170,0
DA:171,0
DA:174,0
DA:175,0
DA:180,0
DA:182,0
DA:183,0
DA:184,0
DA:187,0
DA:206,2
LF:72
LH:19
BRDA:23,0,0,0
BRDA:23,0,1,0
BRDA:51,1,0,0
BRDA:51,1,1,0
BRDA:51,2,0,0
BRDA:51,2,1,0
BRDA:98,3,0,0
BRDA:98,3,1,0
BRDA:183,4,0,0
BRDA:183,4,1,0
BRF:10
BRH:0
end_of_record
TN:
SF:helpers\constants.js
FNF:0
FNH:0
DA:1,3
DA:7,3
DA:20,3
LF:3
LH:3
BRF:0
BRH:0
end_of_record
TN:
SF:helpers\guard.js
FN:5,(anonymous_0)
FN:6,(anonymous_1)
FNF:2
FNH:2
FNDA:11,(anonymous_0)
FNDA:11,(anonymous_1)
DA:1,2
DA:2,2
DA:3,2
DA:5,2
DA:6,11
DA:7,11
DA:8,11
DA:9,11
DA:11,11
DA:12,0
DA:18,11
DA:20,11
DA:24,2
LF:13
LH:12
BRDA:8,0,0,11
BRDA:8,0,1,0
BRDA:11,1,0,0
BRDA:11,1,1,11
BRDA:11,2,0,11
BRDA:11,2,1,11
BRDA:11,2,2,11
BRF:7
BRH:5
end_of_record
TN:
SF:helpers\role.js
FN:3,(anonymous_0)
FN:3,(anonymous_1)
FNF:2
FNH:2
FNDA:9,(anonymous_0)
FNDA:3,(anonymous_1)
DA:1,3
DA:3,9
DA:4,3
DA:5,3
DA:6,2
DA:12,1
DA:15,3
LF:7
LH:7
BRDA:5,0,0,2
BRDA:5,0,1,1
BRF:2
BRH:2
end_of_record
TN:
SF:helpers\upload-avatar.js
FN:7,(anonymous_0)
FN:10,(anonymous_1)
FN:20,(anonymous_2)
FNF:3
FNH:0
FNDA:0,(anonymous_0)
FNDA:0,(anonymous_1)
FNDA:0,(anonymous_2)
DA:1,2
DA:2,2
DA:3,2
DA:4,2
DA:6,2
DA:8,0
DA:11,0
DA:15,2
DA:21,0
DA:23,0
DA:24,0
DA:26,0
DA:27,0
DA:28,0
DA:35,2
LF:15
LH:7
BRDA:21,0,0,0
BRDA:21,0,1,0
BRF:2
BRH:0
end_of_record
TN:
SF:routes\contacts\index.js
FNF:0
FNH:0
DA:1,2
DA:2,2
DA:3,2
DA:10,2
DA:11,2
DA:13,2
DA:17,2
DA:23,2
LF:8
LH:8
BRF:0
BRH:0
end_of_record
TN:
SF:routes\contacts\valid-contact-router.js
FN:47,(anonymous_0)
FN:57,(anonymous_1)
FN:60,(anonymous_2)
FN:63,(anonymous_3)
FN:66,(anonymous_4)
FN:69,(anonymous_5)
FNF:6
FNH:6
FNDA:10,(anonymous_0)
FNDA:1,(anonymous_1)
FNDA:3,(anonymous_2)
FNDA:3,(anonymous_3)
FNDA:3,(anonymous_4)
FNDA:3,(anonymous_5)
DA:1,2
DA:2,2
DA:4,2
DA:19,2
DA:29,2
DA:43,2
DA:47,2
DA:48,10
DA:49,10
DA:50,6
DA:52,4
DA:56,2
DA:58,1
DA:61,3
DA:64,3
DA:67,3
DA:70,3
DA:71,1
DA:73,2
LF:19
LH:19
BRDA:70,0,0,1
BRDA:70,0,1,2
BRF:2
BRH:2
end_of_record
TN:
SF:routes\users\index.js
FN:14,(anonymous_0)
FNF:1
FNH:0
FNDA:0,(anonymous_0)
DA:1,2
DA:2,2
DA:3,2
DA:4,2
DA:5,2
DA:6,2
DA:7,2
DA:8,2
DA:9,2
DA:11,2
DA:15,0
DA:23,2
DA:24,2
DA:25,2
DA:26,2
DA:27,2
DA:29,2
DA:30,2
DA:31,2
DA:33,2
DA:39,2
LF:21
LH:20
BRF:0
BRH:0
end_of_record
TN:
SF:routes\users\valid-user-router.js
FN:40,(anonymous_0)
FN:51,(anonymous_1)
FN:54,(anonymous_2)
FN:57,(anonymous_3)
FNF:4
FNH:0
FNDA:0,(anonymous_0)
FNDA:0,(anonymous_1)
FNDA:0,(anonymous_2)
FNDA:0,(anonymous_3)
DA:1,2
DA:2,2
DA:4,2
DA:24,2
DA:34,2
DA:40,2
DA:41,0
DA:42,0
DA:43,0
DA:45,0
DA:46,0
DA:50,2
DA:52,0
DA:55,0
DA:58,0
LF:15
LH:7
BRF:0
BRH:0
end_of_record
